info it worked if it ends with ok
verbose cli [ '/home/cloud9/c9/support/node-c9-builds-v4/node-c9-sunos',
verbose cli   '/home/ide_edjafarov/workspaces/npm/bin/npm.js',
verbose cli   'test' ]
info using npm@1.0.1rc6
info using node@v0.4.5
verbose config file /home/cloud9/.npmrc
verbose config file /home/cloud9/c9/support/etc/npmrc
silly testEngine { name: 'ClassLoader',
silly testEngine   author: 
silly testEngine    { name: 'Eldar Djafarov',
silly testEngine      email: 'eldar@djafarov.com' },
silly testEngine   contributors: [ { name: 'Eldar Djafarov', email: 'djkojb@gmail.com' } ],
silly testEngine   description: 'classloader helper for nodejs',
silly testEngine   version: '0.0.2',
silly testEngine   dependencies: 
silly testEngine    { log4js: '0.3.x',
silly testEngine      'uglify-js': '1.1.x',
silly testEngine      traverse: '0.5.x' },
silly testEngine   devDependencies: { vows: '0.5.x' },
silly testEngine   scripts: { test: 'vows --spec' },
silly testEngine   main: './src/classloader.js',
silly testEngine   _id: 'ClassLoader@0.0.2',
silly testEngine   engines: { node: '*' },
silly testEngine   _engineSupported: true,
silly testEngine   _npmVersion: '1.0.1rc6',
silly testEngine   _nodeVersion: 'v0.4.5',
silly testEngine   _defaultsLoaded: true }
verbose caching /mnt/ws/users/edjafarov/46313/package.json
verbose loadDefaults ClassLoader@0.0.2
verbose run-script [ 'pretest', 'test', 'posttest' ]
info pretest ClassLoader@0.0.2
info test ClassLoader@0.0.2
verbose unsafe-perm in lifecycle true
silly exec sh "-c" "vows --spec"
info ClassLoader@0.0.2 Failed to exec test script
ERR! ClassLoader@0.0.2 test: `vows --spec`
ERR! `sh "-c" "vows --spec"` failed with 127
ERR! 
ERR! Failed at the ClassLoader@0.0.2 test script.
ERR! This is most likely a problem with the ClassLoader package,
ERR! not with npm itself.
ERR! Tell the author that this fails on your system:
ERR!     vows --spec
ERR! You can get their info via:
ERR!     npm owner ls ClassLoader
ERR! There is likely additional logging output above.
ERR! 
ERR! System SunOS 5.11
ERR! command "/home/cloud9/c9/support/node-c9-builds-v4/node-c9-sunos" "/home/ide_edjafarov/workspaces/npm/bin/npm.js" "test"
verbose exit [ 1, true ]
